<?xml version="1.0" encoding="UTF-8"?><testsuite failures="3" name="cucumber.runtime.formatter.JUnitFormatter" skipped="0" tests="3" time="77.16702">
<testcase classname="Title of your feature" name="To make a payment with valid Payment details" time="3.966573">
<failure message="com.kms.katalon.core.exception.StepFailedException: Unable to set text 'Promantus' of object 'Object Repository/bddDemo_Login/input_Username_Username' (Root cause: org.openqa.selenium.NoSuchWindowException: Unable to find elements on closed window&#10;Build info: version: '3.7.1', revision: '8a0099a', time: '2017-11-06T21:07:36.161Z'&#10;System info: host: 'G10PROLT021', ip: '192.168.1.12', os.name: 'Windows 10', os.arch: 'amd64', os.version: '10.0', java.version: '1.8.0_181'&#10;Driver info: com.kms.katalon.selenium.driver.CInternetExplorerDriver&#10;Capabilities {acceptInsecureCerts: false, browserName: internet explorer, browserVersion: 11, javascriptEnabled: true, pageLoadStrategy: normal, platform: WINDOWS, platformName: WINDOWS, se:ieOptions: {browserAttachTimeout: 0, elementScrollBehavior: 0, enablePersistentHover: true, ie.browserCommandLineSwitches: , ie.ensureCleanSession: false, ie.fileUploadDialogTimeout: 3000, ie.forceCreateProcessApi: false, ignoreProtectedModeSettings: false, ignoreZoomSetting: false, initialBrowserUrl: http://localhost:22736/, nativeEvents: true, requireWindowFocus: false}, setWindowRect: true}&#10;Session ID: 9c3cd0ff-8012-46f7-aa06-cf97e288b9b8&#10;*** Element info: {Using=xpath, value=//input[@id='Username']})&#13;&#10;&#9;at com.kms.katalon.core.keyword.internal.KeywordMain.stepFailed(KeywordMain.groovy:36)&#13;&#10;&#9;at com.kms.katalon.core.webui.keyword.internal.WebUIKeywordMain.stepFailed(WebUIKeywordMain.groovy:65)&#13;&#10;&#9;at com.kms.katalon.core.webui.keyword.internal.WebUIKeywordMain.runKeyword(WebUIKeywordMain.groovy:27)&#13;&#10;&#9;at com.kms.katalon.core.webui.keyword.builtin.SetTextKeyword.setText(SetTextKeyword.groovy:65)&#13;&#10;&#9;at com.kms.katalon.core.webui.keyword.builtin.SetTextKeyword.execute(SetTextKeyword.groovy:37)&#13;&#10;&#9;at com.kms.katalon.core.keyword.internal.KeywordExecutor.executeKeywordForPlatform(KeywordExecutor.groovy:53)&#13;&#10;&#9;at com.kms.katalon.core.webui.keyword.WebUiBuiltInKeywords.setText(WebUiBuiltInKeywords.groovy:950)&#13;&#10;&#9;at com.kms.katalon.core.webui.keyword.WebUiBuiltInKeywords$setText$1.call(Unknown Source)&#13;&#10;&#9;at bddDemo.LoginStepDef.user_enters_username_in_BDD_Demo(LoginStepDef.groovy:64)&#13;&#10;&#9;at ✽.User enters username in BDD Demo Promantus(C:/Users/Promantus Inc/Katalon Studio/BDDUserPayment/Include/features/MakePayment.feature:17)&#13;&#10;"><![CDATA[Given User is in BDD Demo Login Page http://164.164.39.5:5002/Account/Login.passed
And User enters username in BDD Demo Promantus..............................failed
And user enters password  in BDD Demo bdd...................................skipped
And user clicks on Login button.............................................skipped
And user is redirected to paybill page......................................skipped
And user enters dayofpayment................................................skipped
And user enters amount......................................................skipped
And user enters SwiftCode...................................................skipped
When user clicks on make payment............................................skipped
And user is redirected to otp page..........................................skipped
And user enters the otp.....................................................skipped
And user clicks on submit otp...............................................skipped
Then user should see the payment successful page............................skipped

StackTrace:
com.kms.katalon.core.exception.StepFailedException: Unable to set text 'Promantus' of object 'Object Repository/bddDemo_Login/input_Username_Username' (Root cause: org.openqa.selenium.NoSuchWindowException: Unable to find elements on closed window
Build info: version: '3.7.1', revision: '8a0099a', time: '2017-11-06T21:07:36.161Z'
System info: host: 'G10PROLT021', ip: '192.168.1.12', os.name: 'Windows 10', os.arch: 'amd64', os.version: '10.0', java.version: '1.8.0_181'
Driver info: com.kms.katalon.selenium.driver.CInternetExplorerDriver
Capabilities {acceptInsecureCerts: false, browserName: internet explorer, browserVersion: 11, javascriptEnabled: true, pageLoadStrategy: normal, platform: WINDOWS, platformName: WINDOWS, se:ieOptions: {browserAttachTimeout: 0, elementScrollBehavior: 0, enablePersistentHover: true, ie.browserCommandLineSwitches: , ie.ensureCleanSession: false, ie.fileUploadDialogTimeout: 3000, ie.forceCreateProcessApi: false, ignoreProtectedModeSettings: false, ignoreZoomSetting: false, initialBrowserUrl: http://localhost:22736/, nativeEvents: true, requireWindowFocus: false}, setWindowRect: true}
Session ID: 9c3cd0ff-8012-46f7-aa06-cf97e288b9b8
*** Element info: {Using=xpath, value=//input[@id='Username']})
	at com.kms.katalon.core.keyword.internal.KeywordMain.stepFailed(KeywordMain.groovy:36)
	at com.kms.katalon.core.webui.keyword.internal.WebUIKeywordMain.stepFailed(WebUIKeywordMain.groovy:65)
	at com.kms.katalon.core.webui.keyword.internal.WebUIKeywordMain.runKeyword(WebUIKeywordMain.groovy:27)
	at com.kms.katalon.core.webui.keyword.builtin.SetTextKeyword.setText(SetTextKeyword.groovy:65)
	at com.kms.katalon.core.webui.keyword.builtin.SetTextKeyword.execute(SetTextKeyword.groovy:37)
	at com.kms.katalon.core.keyword.internal.KeywordExecutor.executeKeywordForPlatform(KeywordExecutor.groovy:53)
	at com.kms.katalon.core.webui.keyword.WebUiBuiltInKeywords.setText(WebUiBuiltInKeywords.groovy:950)
	at com.kms.katalon.core.webui.keyword.WebUiBuiltInKeywords$setText$1.call(Unknown Source)
	at bddDemo.LoginStepDef.user_enters_username_in_BDD_Demo(LoginStepDef.groovy:64)
	at ✽.User enters username in BDD Demo Promantus(C:/Users/Promantus Inc/Katalon Studio/BDDUserPayment/Include/features/MakePayment.feature:17)
]]></failure>
</testcase>
<testcase classname="Title of your feature" name="To make a payment with Invalid Payment details" time="4.087908">
<failure message="com.kms.katalon.core.exception.StepFailedException: Unable to set text '' of object 'Object Repository/bddDemo_Login/input_Username_Username' (Root cause: org.openqa.selenium.NoSuchWindowException: Unable to find elements on closed window&#10;Build info: version: '3.7.1', revision: '8a0099a', time: '2017-11-06T21:07:36.161Z'&#10;System info: host: 'G10PROLT021', ip: '192.168.1.12', os.name: 'Windows 10', os.arch: 'amd64', os.version: '10.0', java.version: '1.8.0_181'&#10;Driver info: com.kms.katalon.selenium.driver.CInternetExplorerDriver&#10;Capabilities {acceptInsecureCerts: false, browserName: internet explorer, browserVersion: 11, javascriptEnabled: true, pageLoadStrategy: normal, platform: WINDOWS, platformName: WINDOWS, se:ieOptions: {browserAttachTimeout: 0, elementScrollBehavior: 0, enablePersistentHover: true, ie.browserCommandLineSwitches: , ie.ensureCleanSession: false, ie.fileUploadDialogTimeout: 3000, ie.forceCreateProcessApi: false, ignoreProtectedModeSettings: false, ignoreZoomSetting: false, initialBrowserUrl: http://localhost:34084/, nativeEvents: true, requireWindowFocus: false}, setWindowRect: true}&#10;Session ID: 3d3b016b-88d4-4293-a49e-0e2baf05ad25&#10;*** Element info: {Using=xpath, value=//input[@id='Username']})&#13;&#10;&#9;at com.kms.katalon.core.keyword.internal.KeywordMain.stepFailed(KeywordMain.groovy:36)&#13;&#10;&#9;at com.kms.katalon.core.webui.keyword.internal.WebUIKeywordMain.stepFailed(WebUIKeywordMain.groovy:65)&#13;&#10;&#9;at com.kms.katalon.core.webui.keyword.internal.WebUIKeywordMain.runKeyword(WebUIKeywordMain.groovy:27)&#13;&#10;&#9;at com.kms.katalon.core.webui.keyword.builtin.SetTextKeyword.setText(SetTextKeyword.groovy:65)&#13;&#10;&#9;at com.kms.katalon.core.webui.keyword.builtin.SetTextKeyword.execute(SetTextKeyword.groovy:37)&#13;&#10;&#9;at com.kms.katalon.core.keyword.internal.KeywordExecutor.executeKeywordForPlatform(KeywordExecutor.groovy:53)&#13;&#10;&#9;at com.kms.katalon.core.webui.keyword.WebUiBuiltInKeywords.setText(WebUiBuiltInKeywords.groovy:950)&#13;&#10;&#9;at com.kms.katalon.core.webui.keyword.WebUiBuiltInKeywords$setText$1.call(Unknown Source)&#13;&#10;&#9;at bddDemo.LoginStepDef.user_enters_username_in_BDD_Demo(LoginStepDef.groovy:64)&#13;&#10;&#9;at ✽.User enters username in BDD Demo (C:/Users/Promantus Inc/Katalon Studio/BDDUserPayment/Include/features/MakePayment.feature:40)&#13;&#10;"><![CDATA[Given User is in BDD Demo Login Page http://164.164.39.5:5002/Account/Login.passed
And User enters username in BDD Demo .......................................failed
And user enters password  in BDD Demo bdd...................................skipped
And user clicks on Login button.............................................skipped
And user is redirected to paybill page......................................skipped
And user enters dayofpayment................................................skipped
And user enters amount......................................................skipped
And user enters SwiftCode...................................................skipped
When user clicks on make payment............................................skipped
And user is redirected to otp page..........................................skipped
And user enters the otp.....................................................skipped
And user clicks on submit otp...............................................skipped
Then user should see the validation message.................................undefined

StackTrace:
com.kms.katalon.core.exception.StepFailedException: Unable to set text '' of object 'Object Repository/bddDemo_Login/input_Username_Username' (Root cause: org.openqa.selenium.NoSuchWindowException: Unable to find elements on closed window
Build info: version: '3.7.1', revision: '8a0099a', time: '2017-11-06T21:07:36.161Z'
System info: host: 'G10PROLT021', ip: '192.168.1.12', os.name: 'Windows 10', os.arch: 'amd64', os.version: '10.0', java.version: '1.8.0_181'
Driver info: com.kms.katalon.selenium.driver.CInternetExplorerDriver
Capabilities {acceptInsecureCerts: false, browserName: internet explorer, browserVersion: 11, javascriptEnabled: true, pageLoadStrategy: normal, platform: WINDOWS, platformName: WINDOWS, se:ieOptions: {browserAttachTimeout: 0, elementScrollBehavior: 0, enablePersistentHover: true, ie.browserCommandLineSwitches: , ie.ensureCleanSession: false, ie.fileUploadDialogTimeout: 3000, ie.forceCreateProcessApi: false, ignoreProtectedModeSettings: false, ignoreZoomSetting: false, initialBrowserUrl: http://localhost:34084/, nativeEvents: true, requireWindowFocus: false}, setWindowRect: true}
Session ID: 3d3b016b-88d4-4293-a49e-0e2baf05ad25
*** Element info: {Using=xpath, value=//input[@id='Username']})
	at com.kms.katalon.core.keyword.internal.KeywordMain.stepFailed(KeywordMain.groovy:36)
	at com.kms.katalon.core.webui.keyword.internal.WebUIKeywordMain.stepFailed(WebUIKeywordMain.groovy:65)
	at com.kms.katalon.core.webui.keyword.internal.WebUIKeywordMain.runKeyword(WebUIKeywordMain.groovy:27)
	at com.kms.katalon.core.webui.keyword.builtin.SetTextKeyword.setText(SetTextKeyword.groovy:65)
	at com.kms.katalon.core.webui.keyword.builtin.SetTextKeyword.execute(SetTextKeyword.groovy:37)
	at com.kms.katalon.core.keyword.internal.KeywordExecutor.executeKeywordForPlatform(KeywordExecutor.groovy:53)
	at com.kms.katalon.core.webui.keyword.WebUiBuiltInKeywords.setText(WebUiBuiltInKeywords.groovy:950)
	at com.kms.katalon.core.webui.keyword.WebUiBuiltInKeywords$setText$1.call(Unknown Source)
	at bddDemo.LoginStepDef.user_enters_username_in_BDD_Demo(LoginStepDef.groovy:64)
	at ✽.User enters username in BDD Demo (C:/Users/Promantus Inc/Katalon Studio/BDDUserPayment/Include/features/MakePayment.feature:40)
]]></failure>
</testcase>
<testcase classname="Title of your feature" name="To make a payment with Invalid Payment details 2" time="69.112539">
<failure message="com.kms.katalon.core.exception.StepFailedException: Unable to set text '11/01/2019' of object 'Object Repository/bddDemo_MakePayment/input_DayOfPayment_DayOfPaymen' (Root cause: com.kms.katalon.core.webui.exception.WebElementNotFoundException: Web element with id: 'Object Repository/bddDemo_MakePayment/input_DayOfPayment_DayOfPaymen' located by 'By.xpath: //input[@id='DayOfPayment']' not found)&#13;&#10;&#9;at com.kms.katalon.core.keyword.internal.KeywordMain.stepFailed(KeywordMain.groovy:36)&#13;&#10;&#9;at com.kms.katalon.core.webui.keyword.internal.WebUIKeywordMain.stepFailed(WebUIKeywordMain.groovy:65)&#13;&#10;&#9;at com.kms.katalon.core.webui.keyword.internal.WebUIKeywordMain.runKeyword(WebUIKeywordMain.groovy:27)&#13;&#10;&#9;at com.kms.katalon.core.webui.keyword.builtin.SetTextKeyword.setText(SetTextKeyword.groovy:65)&#13;&#10;&#9;at com.kms.katalon.core.webui.keyword.builtin.SetTextKeyword.execute(SetTextKeyword.groovy:37)&#13;&#10;&#9;at com.kms.katalon.core.keyword.internal.KeywordExecutor.executeKeywordForPlatform(KeywordExecutor.groovy:53)&#13;&#10;&#9;at com.kms.katalon.core.webui.keyword.WebUiBuiltInKeywords.setText(WebUiBuiltInKeywords.groovy:950)&#13;&#10;&#9;at com.kms.katalon.core.webui.keyword.WebUiBuiltInKeywords$setText$1.call(Unknown Source)&#13;&#10;&#9;at bddDemo.MakePaymentStepDef.user_enters_dayofpayment(MakePaymentStepDef.groovy:62)&#13;&#10;&#9;at ✽.user enters dayofpayment(C:/Users/Promantus Inc/Katalon Studio/BDDUserPayment/Include/features/MakePayment.feature:44)&#13;&#10;"><![CDATA[Given User is in BDD Demo Login Page http://localhost:60854/Account/Login...passed
And User enters username in BDD Demo Promantus..............................passed
And user enters password  in BDD Demo ......................................passed
And user clicks on Login button.............................................passed
And user is redirected to paybill page......................................passed
And user enters dayofpayment................................................failed
And user enters amount......................................................skipped
And user enters SwiftCode...................................................skipped
When user clicks on make payment............................................skipped
And user is redirected to otp page..........................................skipped
And user enters the otp.....................................................skipped
And user clicks on submit otp...............................................skipped
Then user should see the validation message.................................undefined

StackTrace:
com.kms.katalon.core.exception.StepFailedException: Unable to set text '11/01/2019' of object 'Object Repository/bddDemo_MakePayment/input_DayOfPayment_DayOfPaymen' (Root cause: com.kms.katalon.core.webui.exception.WebElementNotFoundException: Web element with id: 'Object Repository/bddDemo_MakePayment/input_DayOfPayment_DayOfPaymen' located by 'By.xpath: //input[@id='DayOfPayment']' not found)
	at com.kms.katalon.core.keyword.internal.KeywordMain.stepFailed(KeywordMain.groovy:36)
	at com.kms.katalon.core.webui.keyword.internal.WebUIKeywordMain.stepFailed(WebUIKeywordMain.groovy:65)
	at com.kms.katalon.core.webui.keyword.internal.WebUIKeywordMain.runKeyword(WebUIKeywordMain.groovy:27)
	at com.kms.katalon.core.webui.keyword.builtin.SetTextKeyword.setText(SetTextKeyword.groovy:65)
	at com.kms.katalon.core.webui.keyword.builtin.SetTextKeyword.execute(SetTextKeyword.groovy:37)
	at com.kms.katalon.core.keyword.internal.KeywordExecutor.executeKeywordForPlatform(KeywordExecutor.groovy:53)
	at com.kms.katalon.core.webui.keyword.WebUiBuiltInKeywords.setText(WebUiBuiltInKeywords.groovy:950)
	at com.kms.katalon.core.webui.keyword.WebUiBuiltInKeywords$setText$1.call(Unknown Source)
	at bddDemo.MakePaymentStepDef.user_enters_dayofpayment(MakePaymentStepDef.groovy:62)
	at ✽.user enters dayofpayment(C:/Users/Promantus Inc/Katalon Studio/BDDUserPayment/Include/features/MakePayment.feature:44)
]]></failure>
</testcase>
</testsuite>
